mode: set
github.com/StefanKjartansson/pdfhandler/fields.go:8.44,12.22 4 1
github.com/StefanKjartansson/pdfhandler/fields.go:15.2,17.23 3 1
github.com/StefanKjartansson/pdfhandler/fields.go:12.22,14.3 1 1
github.com/StefanKjartansson/pdfhandler/pdf.go:31.54,33.49 2 1
github.com/StefanKjartansson/pdfhandler/pdf.go:36.2,37.16 2 1
github.com/StefanKjartansson/pdfhandler/pdf.go:40.2,41.62 2 1
github.com/StefanKjartansson/pdfhandler/pdf.go:44.2,44.40 1 1
github.com/StefanKjartansson/pdfhandler/pdf.go:47.2,53.16 7 1
github.com/StefanKjartansson/pdfhandler/pdf.go:56.2,56.25 1 1
github.com/StefanKjartansson/pdfhandler/pdf.go:33.49,35.3 1 0
github.com/StefanKjartansson/pdfhandler/pdf.go:37.16,39.3 1 0
github.com/StefanKjartansson/pdfhandler/pdf.go:41.62,43.3 1 0
github.com/StefanKjartansson/pdfhandler/pdf.go:44.40,46.3 1 0
github.com/StefanKjartansson/pdfhandler/pdf.go:53.16,55.3 1 0
github.com/StefanKjartansson/pdfhandler/pdf.go:63.86,65.16 2 1
github.com/StefanKjartansson/pdfhandler/pdf.go:68.2,77.12 4 1
github.com/StefanKjartansson/pdfhandler/pdf.go:96.2,96.18 1 1
github.com/StefanKjartansson/pdfhandler/pdf.go:131.2,131.12 1 0
github.com/StefanKjartansson/pdfhandler/pdf.go:65.16,67.3 1 0
github.com/StefanKjartansson/pdfhandler/pdf.go:77.12,79.28 2 1
github.com/StefanKjartansson/pdfhandler/pdf.go:92.3,93.12 2 1
github.com/StefanKjartansson/pdfhandler/pdf.go:79.28,81.28 2 1
github.com/StefanKjartansson/pdfhandler/pdf.go:81.28,85.19 4 1
github.com/StefanKjartansson/pdfhandler/pdf.go:88.5,89.27 2 1
github.com/StefanKjartansson/pdfhandler/pdf.go:85.19,87.6 1 0
github.com/StefanKjartansson/pdfhandler/pdf.go:97.2,99.21 2 1
github.com/StefanKjartansson/pdfhandler/pdf.go:102.3,110.17 9 1
github.com/StefanKjartansson/pdfhandler/pdf.go:113.3,115.8 3 1
github.com/StefanKjartansson/pdfhandler/pdf.go:116.2,118.21 2 1
github.com/StefanKjartansson/pdfhandler/pdf.go:128.3,129.8 2 0
github.com/StefanKjartansson/pdfhandler/pdf.go:99.21,101.4 1 1
github.com/StefanKjartansson/pdfhandler/pdf.go:110.17,112.4 1 0
github.com/StefanKjartansson/pdfhandler/pdf.go:118.21,120.18 2 1
github.com/StefanKjartansson/pdfhandler/pdf.go:123.4,124.18 2 1
github.com/StefanKjartansson/pdfhandler/pdf.go:120.18,122.5 1 0
github.com/StefanKjartansson/pdfhandler/pdf.go:124.18,126.5 1 0
github.com/StefanKjartansson/pdfhandler/pdf.go:134.67,136.16 2 1
github.com/StefanKjartansson/pdfhandler/pdf.go:140.2,142.12 2 1
github.com/StefanKjartansson/pdfhandler/pdf.go:161.2,162.20 2 1
github.com/StefanKjartansson/pdfhandler/pdf.go:166.2,168.16 3 1
github.com/StefanKjartansson/pdfhandler/pdf.go:136.16,139.3 2 0
github.com/StefanKjartansson/pdfhandler/pdf.go:142.12,144.30 2 1
github.com/StefanKjartansson/pdfhandler/pdf.go:157.3,158.12 2 1
github.com/StefanKjartansson/pdfhandler/pdf.go:144.30,145.47 1 1
github.com/StefanKjartansson/pdfhandler/pdf.go:148.4,149.23 2 1
github.com/StefanKjartansson/pdfhandler/pdf.go:145.47,146.13 1 0
github.com/StefanKjartansson/pdfhandler/pdf.go:149.23,151.19 2 1
github.com/StefanKjartansson/pdfhandler/pdf.go:154.5,154.20 1 1
github.com/StefanKjartansson/pdfhandler/pdf.go:151.19,153.6 1 1
github.com/StefanKjartansson/pdfhandler/pdf.go:162.20,164.3 1 1
github.com/StefanKjartansson/pdfhandler/pdf.go:168.16,171.3 2 0
github.com/StefanKjartansson/pdfhandler/pdf.go:175.68,177.30 2 1
github.com/StefanKjartansson/pdfhandler/pdf.go:182.2,183.46 2 1
github.com/StefanKjartansson/pdfhandler/pdf.go:188.2,191.20 4 1
github.com/StefanKjartansson/pdfhandler/pdf.go:223.2,224.36 2 1
github.com/StefanKjartansson/pdfhandler/pdf.go:177.30,180.3 2 1
github.com/StefanKjartansson/pdfhandler/pdf.go:183.46,186.3 2 1
github.com/StefanKjartansson/pdfhandler/pdf.go:192.2,195.17 3 1
github.com/StefanKjartansson/pdfhandler/pdf.go:199.3,200.17 2 1
github.com/StefanKjartansson/pdfhandler/pdf.go:204.3,205.8 2 1
github.com/StefanKjartansson/pdfhandler/pdf.go:206.2,209.17 3 1
github.com/StefanKjartansson/pdfhandler/pdf.go:213.3,214.17 2 1
github.com/StefanKjartansson/pdfhandler/pdf.go:218.3,218.8 1 1
github.com/StefanKjartansson/pdfhandler/pdf.go:219.2,221.9 2 1
github.com/StefanKjartansson/pdfhandler/pdf.go:195.17,198.4 2 0
github.com/StefanKjartansson/pdfhandler/pdf.go:200.17,203.4 2 0
github.com/StefanKjartansson/pdfhandler/pdf.go:209.17,212.4 2 0
github.com/StefanKjartansson/pdfhandler/pdf.go:214.17,217.4 2 0
github.com/StefanKjartansson/pdfhandler/pdf.go:227.73,228.20 1 1
github.com/StefanKjartansson/pdfhandler/pdf.go:229.2,230.16 1 1
github.com/StefanKjartansson/pdfhandler/pdf.go:231.2,232.17 1 1
github.com/StefanKjartansson/pdfhandler/pdf.go:233.2,235.9 2 0
github.com/StefanKjartansson/pdfhandler/read_fields.go:13.52,19.21 3 1
github.com/StefanKjartansson/pdfhandler/read_fields.go:25.2,25.11 1 1
github.com/StefanKjartansson/pdfhandler/read_fields.go:19.21,21.41 2 1
github.com/StefanKjartansson/pdfhandler/read_fields.go:21.41,23.4 1 1
github.com/StefanKjartansson/pdfhandler/read_fields.go:28.52,36.16 8 1
github.com/StefanKjartansson/pdfhandler/read_fields.go:39.2,39.34 1 1
github.com/StefanKjartansson/pdfhandler/read_fields.go:36.16,38.3 1 0
github.com/StefanKjartansson/pdfhandler/utils.go:3.50,4.25 1 1
github.com/StefanKjartansson/pdfhandler/utils.go:9.2,9.14 1 1
github.com/StefanKjartansson/pdfhandler/utils.go:4.25,5.13 1 1
github.com/StefanKjartansson/pdfhandler/utils.go:5.13,7.4 1 1
